<?xml version="1.0" encoding="UTF-8" ?>
<testsuite tests="21" failures="7" name="ro.pub.cs.aipi.lab02.main.AllTests" time="30.769" errors="0" skipped="0">
  <properties>
[...]
</properties>
  <testcase classname="ro.pub.cs.aipi.lab02.main.Exercise01Test" name="checkNumberOfRecords[0]" time="30.718"/>
  <testcase classname="ro.pub.cs.aipi.lab02.main.Exercise01Test" name="checkNumberOfRecords[1]" time="0"/>
  <testcase classname="ro.pub.cs.aipi.lab02.main.Exercise01Test" name="checkNumberOfRecords[2]" time="0"/>
  <testcase classname="ro.pub.cs.aipi.lab02.main.Exercise01Test" name="checkNumberOfRecords[3]" time="0"/>
  <testcase classname="ro.pub.cs.aipi.lab02.main.Exercise01Test" name="checkNumberOfRecords[4]" time="0"/>
  <testcase classname="ro.pub.cs.aipi.lab02.main.Exercise01Test" name="checkNumberOfRecords[5]" time="0"/>
  <testcase classname="ro.pub.cs.aipi.lab02.main.Exercise01Test" name="checkNumberOfRecords[6]" time="0"/>
  <testcase classname="ro.pub.cs.aipi.lab02.main.Exercise01Test" name="checkNumberOfRecords[7]" time="0"/>
  <testcase classname="ro.pub.cs.aipi.lab02.main.Exercise01Test" name="checkNumberOfRecords[8]" time="0"/>
  <testcase classname="ro.pub.cs.aipi.lab02.main.Exercise01Test" name="checkNumberOfRecords[9]" time="0"/>
  <testcase classname="ro.pub.cs.aipi.lab02.main.Exercise01Test" name="checkNumberOfRecords[10]" time="0.001"/>
  <testcase classname="ro.pub.cs.aipi.lab02.main.Exercise01Test" name="checkNumberOfRecords[11]" time="0.002"/>
  <testcase classname="ro.pub.cs.aipi.lab02.main.Exercise01Test" name="checkNumberOfRecords[12]" time="0.004"/>
  <testcase classname="ro.pub.cs.aipi.lab02.main.Exercise01Test" name="checkNumberOfRecords[13]" time="0.002"/>
  <testcase classname="ro.pub.cs.aipi.lab02.main.Exercise02Test" name="checkFileContent" time="0.005">
    <failure message="Files do not match at line 1
found: nullinstead of: 1	Consuming Ocean Island	Dora APEL	My Best Series Books	XoXo Publishing a Ninni Group Inc	3	1957	Russia expected:&lt;null&gt; but was:&lt;1	Consuming Ocean Island	Dora APEL	My Best Series Books	XoXo Publishing a Ninni Group Inc	3	1957	Russia&gt;" type="java.lang.AssertionError">java.lang.AssertionError: Files do not match at line 1
found: nullinstead of: 1	Consuming Ocean Island	Dora APEL	My Best Series Books	XoXo Publishing a Ninni Group Inc	3	1957	Russia expected:&lt;null&gt; but was:&lt;1	Consuming Ocean Island	Dora APEL	My Best Series Books	XoXo Publishing a Ninni Group Inc	3	1957	Russia&gt;
	at org.junit.Assert.fail(Assert.java:74)
	at org.junit.Assert.failNotEquals(Assert.java:448)
	at org.junit.Assert.assertEquals(Assert.java:102)
	at ro.pub.cs.aipi.lab02.main.AllTests.fileComparison(AllTests.java:109)
	at ro.pub.cs.aipi.lab02.main.Exercise02Test.checkFileContent(Exercise02Test.java:17)
	at sun.reflect.NativeMethodAccessorImpl.invoke0(Native Method)
	at sun.reflect.NativeMethodAccessorImpl.invoke(NativeMethodAccessorImpl.java:62)
	at sun.reflect.DelegatingMethodAccessorImpl.invoke(DelegatingMethodAccessorImpl.java:43)
	at java.lang.reflect.Method.invoke(Method.java:497)
	at org.junit.internal.runners.TestMethod.invoke(TestMethod.java:59)
	at org.junit.internal.runners.MethodRoadie.runTestMethod(MethodRoadie.java:98)
	at org.junit.internal.runners.MethodRoadie$2.run(MethodRoadie.java:79)
	at org.junit.internal.runners.MethodRoadie.runBeforesThenTestThenAfters(MethodRoadie.java:87)
	at org.junit.internal.runners.MethodRoadie.runTest(MethodRoadie.java:77)
	at org.junit.internal.runners.MethodRoadie.run(MethodRoadie.java:42)
	at org.junit.internal.runners.JUnit4ClassRunner.invokeTestMethod(JUnit4ClassRunner.java:88)
	at org.junit.internal.runners.JUnit4ClassRunner.runMethods(JUnit4ClassRunner.java:51)
	at org.junit.internal.runners.JUnit4ClassRunner$1.run(JUnit4ClassRunner.java:44)
	at org.junit.internal.runners.ClassRoadie.runUnprotected(ClassRoadie.java:27)
	at org.junit.internal.runners.ClassRoadie.runProtected(ClassRoadie.java:37)
	at org.junit.internal.runners.JUnit4ClassRunner.run(JUnit4ClassRunner.java:42)
	at org.junit.internal.runners.CompositeRunner.runChildren(CompositeRunner.java:33)
	at org.junit.runners.Suite.access$000(Suite.java:26)
	at org.junit.runners.Suite$1.run(Suite.java:93)
	at org.junit.internal.runners.ClassRoadie.runUnprotected(ClassRoadie.java:27)
	at org.junit.internal.runners.ClassRoadie.runProtected(ClassRoadie.java:37)
	at org.junit.runners.Suite.run(Suite.java:91)
	at org.apache.maven.surefire.junit4.JUnit4Provider.execute(JUnit4Provider.java:252)
	at org.apache.maven.surefire.junit4.JUnit4Provider.executeTestSet(JUnit4Provider.java:141)
	at org.apache.maven.surefire.junit4.JUnit4Provider.invoke(JUnit4Provider.java:112)
	at sun.reflect.NativeMethodAccessorImpl.invoke0(Native Method)
	at sun.reflect.NativeMethodAccessorImpl.invoke(NativeMethodAccessorImpl.java:62)
	at sun.reflect.DelegatingMethodAccessorImpl.invoke(DelegatingMethodAccessorImpl.java:43)
	at java.lang.reflect.Method.invoke(Method.java:497)
	at org.apache.maven.surefire.util.ReflectionUtils.invokeMethodWithArray(ReflectionUtils.java:189)
	at org.apache.maven.surefire.booter.ProviderFactory$ProviderProxy.invoke(ProviderFactory.java:165)
	at org.apache.maven.surefire.booter.ProviderFactory.invokeProvider(ProviderFactory.java:85)
	at org.apache.maven.surefire.booter.ForkedBooter.runSuitesInProcess(ForkedBooter.java:115)
	at org.apache.maven.surefire.booter.ForkedBooter.main(ForkedBooter.java:75)
</failure>
    <system-out>Test02 -SELECT- checkFileContent
</system-out>
  </testcase>
  <testcase classname="ro.pub.cs.aipi.lab02.main.Exercise03Test" name="ro.pub.cs.aipi.lab02.main.Exercise03Test" time="0.009">
    <failure message="The record was not inserted!" type="java.lang.AssertionError">java.lang.AssertionError: The record was not inserted!
	at org.junit.Assert.fail(Assert.java:74)
	at ro.pub.cs.aipi.lab02.main.Exercise03Test.executeExercise03(Exercise03Test.java:21)
	at sun.reflect.NativeMethodAccessorImpl.invoke0(Native Method)
	at sun.reflect.NativeMethodAccessorImpl.invoke(NativeMethodAccessorImpl.java:62)
	at sun.reflect.DelegatingMethodAccessorImpl.invoke(DelegatingMethodAccessorImpl.java:43)
	at java.lang.reflect.Method.invoke(Method.java:497)
	at org.junit.internal.runners.ClassRoadie.runBefores(ClassRoadie.java:49)
	at org.junit.internal.runners.ClassRoadie.runProtected(ClassRoadie.java:36)
	at org.junit.internal.runners.JUnit4ClassRunner.run(JUnit4ClassRunner.java:42)
	at org.junit.internal.runners.CompositeRunner.runChildren(CompositeRunner.java:33)
	at org.junit.runners.Suite.access$000(Suite.java:26)
	at org.junit.runners.Suite$1.run(Suite.java:93)
	at org.junit.internal.runners.ClassRoadie.runUnprotected(ClassRoadie.java:27)
	at org.junit.internal.runners.ClassRoadie.runProtected(ClassRoadie.java:37)
	at org.junit.runners.Suite.run(Suite.java:91)
	at org.apache.maven.surefire.junit4.JUnit4Provider.execute(JUnit4Provider.java:252)
	at org.apache.maven.surefire.junit4.JUnit4Provider.executeTestSet(JUnit4Provider.java:141)
	at org.apache.maven.surefire.junit4.JUnit4Provider.invoke(JUnit4Provider.java:112)
	at sun.reflect.NativeMethodAccessorImpl.invoke0(Native Method)
	at sun.reflect.NativeMethodAccessorImpl.invoke(NativeMethodAccessorImpl.java:62)
	at sun.reflect.DelegatingMethodAccessorImpl.invoke(DelegatingMethodAccessorImpl.java:43)
	at java.lang.reflect.Method.invoke(Method.java:497)
	at org.apache.maven.surefire.util.ReflectionUtils.invokeMethodWithArray(ReflectionUtils.java:189)
	at org.apache.maven.surefire.booter.ProviderFactory$ProviderProxy.invoke(ProviderFactory.java:165)
	at org.apache.maven.surefire.booter.ProviderFactory.invokeProvider(ProviderFactory.java:85)
	at org.apache.maven.surefire.booter.ForkedBooter.runSuitesInProcess(ForkedBooter.java:115)
	at org.apache.maven.surefire.booter.ForkedBooter.main(ForkedBooter.java:75)
</failure>
  </testcase>
  <testcase classname="ro.pub.cs.aipi.lab02.main.Exercise04Test" name="ro.pub.cs.aipi.lab02.main.Exercise04Test" time="0.011">
    <failure message="The records were not updated! -1" type="java.lang.AssertionError">java.lang.AssertionError: The records were not updated! -1
	at org.junit.Assert.fail(Assert.java:74)
	at ro.pub.cs.aipi.lab02.main.Exercise04Test.executeExercise04(Exercise04Test.java:18)
	at sun.reflect.NativeMethodAccessorImpl.invoke0(Native Method)
	at sun.reflect.NativeMethodAccessorImpl.invoke(NativeMethodAccessorImpl.java:62)
	at sun.reflect.DelegatingMethodAccessorImpl.invoke(DelegatingMethodAccessorImpl.java:43)
	at java.lang.reflect.Method.invoke(Method.java:497)
	at org.junit.internal.runners.ClassRoadie.runBefores(ClassRoadie.java:49)
	at org.junit.internal.runners.ClassRoadie.runProtected(ClassRoadie.java:36)
	at org.junit.internal.runners.JUnit4ClassRunner.run(JUnit4ClassRunner.java:42)
	at org.junit.internal.runners.CompositeRunner.runChildren(CompositeRunner.java:33)
	at org.junit.runners.Suite.access$000(Suite.java:26)
	at org.junit.runners.Suite$1.run(Suite.java:93)
	at org.junit.internal.runners.ClassRoadie.runUnprotected(ClassRoadie.java:27)
	at org.junit.internal.runners.ClassRoadie.runProtected(ClassRoadie.java:37)
	at org.junit.runners.Suite.run(Suite.java:91)
	at org.apache.maven.surefire.junit4.JUnit4Provider.execute(JUnit4Provider.java:252)
	at org.apache.maven.surefire.junit4.JUnit4Provider.executeTestSet(JUnit4Provider.java:141)
	at org.apache.maven.surefire.junit4.JUnit4Provider.invoke(JUnit4Provider.java:112)
	at sun.reflect.NativeMethodAccessorImpl.invoke0(Native Method)
	at sun.reflect.NativeMethodAccessorImpl.invoke(NativeMethodAccessorImpl.java:62)
	at sun.reflect.DelegatingMethodAccessorImpl.invoke(DelegatingMethodAccessorImpl.java:43)
	at java.lang.reflect.Method.invoke(Method.java:497)
	at org.apache.maven.surefire.util.ReflectionUtils.invokeMethodWithArray(ReflectionUtils.java:189)
	at org.apache.maven.surefire.booter.ProviderFactory$ProviderProxy.invoke(ProviderFactory.java:165)
	at org.apache.maven.surefire.booter.ProviderFactory.invokeProvider(ProviderFactory.java:85)
	at org.apache.maven.surefire.booter.ForkedBooter.runSuitesInProcess(ForkedBooter.java:115)
	at org.apache.maven.surefire.booter.ForkedBooter.main(ForkedBooter.java:75)
</failure>
    <system-out>Test04 -UPDATE- checkNumberOfRecords
</system-out>
  </testcase>
  <testcase classname="ro.pub.cs.aipi.lab02.main.Exercise05Test" name="ro.pub.cs.aipi.lab02.main.Exercise05Test" time="0.011">
    <failure message="The records were not deleted! -1" type="java.lang.AssertionError">java.lang.AssertionError: The records were not deleted! -1
	at org.junit.Assert.fail(Assert.java:74)
	at ro.pub.cs.aipi.lab02.main.Exercise05Test.executeExercise05(Exercise05Test.java:38)
	at sun.reflect.NativeMethodAccessorImpl.invoke0(Native Method)
	at sun.reflect.NativeMethodAccessorImpl.invoke(NativeMethodAccessorImpl.java:62)
	at sun.reflect.DelegatingMethodAccessorImpl.invoke(DelegatingMethodAccessorImpl.java:43)
	at java.lang.reflect.Method.invoke(Method.java:497)
	at org.junit.internal.runners.ClassRoadie.runBefores(ClassRoadie.java:49)
	at org.junit.internal.runners.ClassRoadie.runProtected(ClassRoadie.java:36)
	at org.junit.internal.runners.JUnit4ClassRunner.run(JUnit4ClassRunner.java:42)
	at org.junit.internal.runners.CompositeRunner.runChildren(CompositeRunner.java:33)
	at org.junit.runners.Suite.access$000(Suite.java:26)
	at org.junit.runners.Suite$1.run(Suite.java:93)
	at org.junit.internal.runners.ClassRoadie.runUnprotected(ClassRoadie.java:27)
	at org.junit.internal.runners.ClassRoadie.runProtected(ClassRoadie.java:37)
	at org.junit.runners.Suite.run(Suite.java:91)
	at org.apache.maven.surefire.junit4.JUnit4Provider.execute(JUnit4Provider.java:252)
	at org.apache.maven.surefire.junit4.JUnit4Provider.executeTestSet(JUnit4Provider.java:141)
	at org.apache.maven.surefire.junit4.JUnit4Provider.invoke(JUnit4Provider.java:112)
	at sun.reflect.NativeMethodAccessorImpl.invoke0(Native Method)
	at sun.reflect.NativeMethodAccessorImpl.invoke(NativeMethodAccessorImpl.java:62)
	at sun.reflect.DelegatingMethodAccessorImpl.invoke(DelegatingMethodAccessorImpl.java:43)
	at java.lang.reflect.Method.invoke(Method.java:497)
	at org.apache.maven.surefire.util.ReflectionUtils.invokeMethodWithArray(ReflectionUtils.java:189)
	at org.apache.maven.surefire.booter.ProviderFactory$ProviderProxy.invoke(ProviderFactory.java:165)
	at org.apache.maven.surefire.booter.ProviderFactory.invokeProvider(ProviderFactory.java:85)
	at org.apache.maven.surefire.booter.ForkedBooter.runSuitesInProcess(ForkedBooter.java:115)
	at org.apache.maven.surefire.booter.ForkedBooter.main(ForkedBooter.java:75)
</failure>
    <system-out>Test05 -DELETE- checkNumberOfRecords
</system-out>
  </testcase>
  <testcase classname="ro.pub.cs.aipi.lab02.main.Exercise06Test" name="checkFileContent" time="0.002">
    <failure message="Files do not match at line 1
found: nullinstead of: Sara Vaughn GABBARD	Captain Billy&apos;s Troopers; Death beyond Disavowal; Jewish Women Writers in Britain; Shades of White Flight; The Intellective Space	5	3	2 expected:&lt;null&gt; but was:&lt;Sara Vaughn GABBARD	Captain Billy&apos;s Troopers; Death beyond Disavowal; Jewish Women Writers in Britain; Shades of White Flight; The Intellective Space	5	3	2&gt;" type="java.lang.AssertionError">java.lang.AssertionError: Files do not match at line 1
found: nullinstead of: Sara Vaughn GABBARD	Captain Billy&apos;s Troopers; Death beyond Disavowal; Jewish Women Writers in Britain; Shades of White Flight; The Intellective Space	5	3	2 expected:&lt;null&gt; but was:&lt;Sara Vaughn GABBARD	Captain Billy&apos;s Troopers; Death beyond Disavowal; Jewish Women Writers in Britain; Shades of White Flight; The Intellective Space	5	3	2&gt;
	at org.junit.Assert.fail(Assert.java:74)
	at org.junit.Assert.failNotEquals(Assert.java:448)
	at org.junit.Assert.assertEquals(Assert.java:102)
	at ro.pub.cs.aipi.lab02.main.AllTests.fileComparison(AllTests.java:109)
	at ro.pub.cs.aipi.lab02.main.Exercise06Test.checkFileContent(Exercise06Test.java:17)
	at sun.reflect.NativeMethodAccessorImpl.invoke0(Native Method)
	at sun.reflect.NativeMethodAccessorImpl.invoke(NativeMethodAccessorImpl.java:62)
	at sun.reflect.DelegatingMethodAccessorImpl.invoke(DelegatingMethodAccessorImpl.java:43)
	at java.lang.reflect.Method.invoke(Method.java:497)
	at org.junit.internal.runners.TestMethod.invoke(TestMethod.java:59)
	at org.junit.internal.runners.MethodRoadie.runTestMethod(MethodRoadie.java:98)
	at org.junit.internal.runners.MethodRoadie$2.run(MethodRoadie.java:79)
	at org.junit.internal.runners.MethodRoadie.runBeforesThenTestThenAfters(MethodRoadie.java:87)
	at org.junit.internal.runners.MethodRoadie.runTest(MethodRoadie.java:77)
	at org.junit.internal.runners.MethodRoadie.run(MethodRoadie.java:42)
	at org.junit.internal.runners.JUnit4ClassRunner.invokeTestMethod(JUnit4ClassRunner.java:88)
	at org.junit.internal.runners.JUnit4ClassRunner.runMethods(JUnit4ClassRunner.java:51)
	at org.junit.internal.runners.JUnit4ClassRunner$1.run(JUnit4ClassRunner.java:44)
	at org.junit.internal.runners.ClassRoadie.runUnprotected(ClassRoadie.java:27)
	at org.junit.internal.runners.ClassRoadie.runProtected(ClassRoadie.java:37)
	at org.junit.internal.runners.JUnit4ClassRunner.run(JUnit4ClassRunner.java:42)
	at org.junit.internal.runners.CompositeRunner.runChildren(CompositeRunner.java:33)
	at org.junit.runners.Suite.access$000(Suite.java:26)
	at org.junit.runners.Suite$1.run(Suite.java:93)
	at org.junit.internal.runners.ClassRoadie.runUnprotected(ClassRoadie.java:27)
	at org.junit.internal.runners.ClassRoadie.runProtected(ClassRoadie.java:37)
	at org.junit.runners.Suite.run(Suite.java:91)
	at org.apache.maven.surefire.junit4.JUnit4Provider.execute(JUnit4Provider.java:252)
	at org.apache.maven.surefire.junit4.JUnit4Provider.executeTestSet(JUnit4Provider.java:141)
	at org.apache.maven.surefire.junit4.JUnit4Provider.invoke(JUnit4Provider.java:112)
	at sun.reflect.NativeMethodAccessorImpl.invoke0(Native Method)
	at sun.reflect.NativeMethodAccessorImpl.invoke(NativeMethodAccessorImpl.java:62)
	at sun.reflect.DelegatingMethodAccessorImpl.invoke(DelegatingMethodAccessorImpl.java:43)
	at java.lang.reflect.Method.invoke(Method.java:497)
	at org.apache.maven.surefire.util.ReflectionUtils.invokeMethodWithArray(ReflectionUtils.java:189)
	at org.apache.maven.surefire.booter.ProviderFactory$ProviderProxy.invoke(ProviderFactory.java:165)
	at org.apache.maven.surefire.booter.ProviderFactory.invokeProvider(ProviderFactory.java:85)
	at org.apache.maven.surefire.booter.ForkedBooter.runSuitesInProcess(ForkedBooter.java:115)
	at org.apache.maven.surefire.booter.ForkedBooter.main(ForkedBooter.java:75)
</failure>
    <system-out>Test06 -SELECT- checkFileContent
</system-out>
  </testcase>
  <testcase classname="ro.pub.cs.aipi.lab02.main.Exercise07Test" name="checkFileContent" time="0.002">
    <failure message="Files do not match at line 1
found: nullinstead of: 3	528	127 expected:&lt;null&gt; but was:&lt;3	528	127&gt;" type="java.lang.AssertionError">java.lang.AssertionError: Files do not match at line 1
found: nullinstead of: 3	528	127 expected:&lt;null&gt; but was:&lt;3	528	127&gt;
	at org.junit.Assert.fail(Assert.java:74)
	at org.junit.Assert.failNotEquals(Assert.java:448)
	at org.junit.Assert.assertEquals(Assert.java:102)
	at ro.pub.cs.aipi.lab02.main.AllTests.fileComparison(AllTests.java:109)
	at ro.pub.cs.aipi.lab02.main.Exercise07Test.checkFileContent(Exercise07Test.java:18)
	at sun.reflect.NativeMethodAccessorImpl.invoke0(Native Method)
	at sun.reflect.NativeMethodAccessorImpl.invoke(NativeMethodAccessorImpl.java:62)
	at sun.reflect.DelegatingMethodAccessorImpl.invoke(DelegatingMethodAccessorImpl.java:43)
	at java.lang.reflect.Method.invoke(Method.java:497)
	at org.junit.internal.runners.TestMethod.invoke(TestMethod.java:59)
	at org.junit.internal.runners.MethodRoadie.runTestMethod(MethodRoadie.java:98)
	at org.junit.internal.runners.MethodRoadie$2.run(MethodRoadie.java:79)
	at org.junit.internal.runners.MethodRoadie.runBeforesThenTestThenAfters(MethodRoadie.java:87)
	at org.junit.internal.runners.MethodRoadie.runTest(MethodRoadie.java:77)
	at org.junit.internal.runners.MethodRoadie.run(MethodRoadie.java:42)
	at org.junit.internal.runners.JUnit4ClassRunner.invokeTestMethod(JUnit4ClassRunner.java:88)
	at org.junit.internal.runners.JUnit4ClassRunner.runMethods(JUnit4ClassRunner.java:51)
	at org.junit.internal.runners.JUnit4ClassRunner$1.run(JUnit4ClassRunner.java:44)
	at org.junit.internal.runners.ClassRoadie.runUnprotected(ClassRoadie.java:27)
	at org.junit.internal.runners.ClassRoadie.runProtected(ClassRoadie.java:37)
	at org.junit.internal.runners.JUnit4ClassRunner.run(JUnit4ClassRunner.java:42)
	at org.junit.internal.runners.CompositeRunner.runChildren(CompositeRunner.java:33)
	at org.junit.runners.Suite.access$000(Suite.java:26)
	at org.junit.runners.Suite$1.run(Suite.java:93)
	at org.junit.internal.runners.ClassRoadie.runUnprotected(ClassRoadie.java:27)
	at org.junit.internal.runners.ClassRoadie.runProtected(ClassRoadie.java:37)
	at org.junit.runners.Suite.run(Suite.java:91)
	at org.apache.maven.surefire.junit4.JUnit4Provider.execute(JUnit4Provider.java:252)
	at org.apache.maven.surefire.junit4.JUnit4Provider.executeTestSet(JUnit4Provider.java:141)
	at org.apache.maven.surefire.junit4.JUnit4Provider.invoke(JUnit4Provider.java:112)
	at sun.reflect.NativeMethodAccessorImpl.invoke0(Native Method)
	at sun.reflect.NativeMethodAccessorImpl.invoke(NativeMethodAccessorImpl.java:62)
	at sun.reflect.DelegatingMethodAccessorImpl.invoke(DelegatingMethodAccessorImpl.java:43)
	at java.lang.reflect.Method.invoke(Method.java:497)
	at org.apache.maven.surefire.util.ReflectionUtils.invokeMethodWithArray(ReflectionUtils.java:189)
	at org.apache.maven.surefire.booter.ProviderFactory$ProviderProxy.invoke(ProviderFactory.java:165)
	at org.apache.maven.surefire.booter.ProviderFactory.invokeProvider(ProviderFactory.java:85)
	at org.apache.maven.surefire.booter.ForkedBooter.runSuitesInProcess(ForkedBooter.java:115)
	at org.apache.maven.surefire.booter.ForkedBooter.main(ForkedBooter.java:75)
</failure>
    <system-out>Test07 -TRANSACTION- checkFileContent
</system-out>
  </testcase>
  <testcase classname="ro.pub.cs.aipi.lab02.main.Exercise08Test" name="checkFileContent" time="0.002">
    <failure message="Files do not match at line 1
found: nullinstead of: 6	The Revelation of Imagination	From Homer and the Bible through Virgil and Augustine to Dante	Brian DALEY, Wing Chung NG	21st Century	100 Ã— 160, DjVu, EPUB, Tome Raider	Bashkir, Indonesian, Pashto, Somali expected:&lt;null&gt; but was:&lt;6	The Revelation of Imagination	From Homer and the Bible through Virgil and Augustine to Dante	Brian DALEY, Wing Chung NG	21st Century	100 Ã— 160, DjVu, EPUB, Tome Raider	Bashkir, Indonesian, Pashto, Somali&gt;" type="java.lang.AssertionError">java.lang.AssertionError: Files do not match at line 1
found: nullinstead of: 6	The Revelation of Imagination	From Homer and the Bible through Virgil and Augustine to Dante	Brian DALEY, Wing Chung NG	21st Century	100 Ã— 160, DjVu, EPUB, Tome Raider	Bashkir, Indonesian, Pashto, Somali expected:&lt;null&gt; but was:&lt;6	The Revelation of Imagination	From Homer and the Bible through Virgil and Augustine to Dante	Brian DALEY, Wing Chung NG	21st Century	100 Ã— 160, DjVu, EPUB, Tome Raider	Bashkir, Indonesian, Pashto, Somali&gt;
	at org.junit.Assert.fail(Assert.java:74)
	at org.junit.Assert.failNotEquals(Assert.java:448)
	at org.junit.Assert.assertEquals(Assert.java:102)
	at ro.pub.cs.aipi.lab02.main.AllTests.fileComparison(AllTests.java:109)
	at ro.pub.cs.aipi.lab02.main.Exercise08Test.checkFileContent(Exercise08Test.java:17)
	at sun.reflect.NativeMethodAccessorImpl.invoke0(Native Method)
	at sun.reflect.NativeMethodAccessorImpl.invoke(NativeMethodAccessorImpl.java:62)
	at sun.reflect.DelegatingMethodAccessorImpl.invoke(DelegatingMethodAccessorImpl.java:43)
	at java.lang.reflect.Method.invoke(Method.java:497)
	at org.junit.internal.runners.TestMethod.invoke(TestMethod.java:59)
	at org.junit.internal.runners.MethodRoadie.runTestMethod(MethodRoadie.java:98)
	at org.junit.internal.runners.MethodRoadie$2.run(MethodRoadie.java:79)
	at org.junit.internal.runners.MethodRoadie.runBeforesThenTestThenAfters(MethodRoadie.java:87)
	at org.junit.internal.runners.MethodRoadie.runTest(MethodRoadie.java:77)
	at org.junit.internal.runners.MethodRoadie.run(MethodRoadie.java:42)
	at org.junit.internal.runners.JUnit4ClassRunner.invokeTestMethod(JUnit4ClassRunner.java:88)
	at org.junit.internal.runners.JUnit4ClassRunner.runMethods(JUnit4ClassRunner.java:51)
	at org.junit.internal.runners.JUnit4ClassRunner$1.run(JUnit4ClassRunner.java:44)
	at org.junit.internal.runners.ClassRoadie.runUnprotected(ClassRoadie.java:27)
	at org.junit.internal.runners.ClassRoadie.runProtected(ClassRoadie.java:37)
	at org.junit.internal.runners.JUnit4ClassRunner.run(JUnit4ClassRunner.java:42)
	at org.junit.internal.runners.CompositeRunner.runChildren(CompositeRunner.java:33)
	at org.junit.runners.Suite.access$000(Suite.java:26)
	at org.junit.runners.Suite$1.run(Suite.java:93)
	at org.junit.internal.runners.ClassRoadie.runUnprotected(ClassRoadie.java:27)
	at org.junit.internal.runners.ClassRoadie.runProtected(ClassRoadie.java:37)
	at org.junit.runners.Suite.run(Suite.java:91)
	at org.apache.maven.surefire.junit4.JUnit4Provider.execute(JUnit4Provider.java:252)
	at org.apache.maven.surefire.junit4.JUnit4Provider.executeTestSet(JUnit4Provider.java:141)
	at org.apache.maven.surefire.junit4.JUnit4Provider.invoke(JUnit4Provider.java:112)
	at sun.reflect.NativeMethodAccessorImpl.invoke0(Native Method)
	at sun.reflect.NativeMethodAccessorImpl.invoke(NativeMethodAccessorImpl.java:62)
	at sun.reflect.DelegatingMethodAccessorImpl.invoke(DelegatingMethodAccessorImpl.java:43)
	at java.lang.reflect.Method.invoke(Method.java:497)
	at org.apache.maven.surefire.util.ReflectionUtils.invokeMethodWithArray(ReflectionUtils.java:189)
	at org.apache.maven.surefire.booter.ProviderFactory$ProviderProxy.invoke(ProviderFactory.java:165)
	at org.apache.maven.surefire.booter.ProviderFactory.invokeProvider(ProviderFactory.java:85)
	at org.apache.maven.surefire.booter.ForkedBooter.runSuitesInProcess(ForkedBooter.java:115)
	at org.apache.maven.surefire.booter.ForkedBooter.main(ForkedBooter.java:75)
</failure>
    <system-out>Test08 -SELECT- checkFileContent
</system-out>
  </testcase>
</testsuite>