<?xml version="1.0" encoding="UTF-8" ?>
<testsuite tests="21" failures="0" name="ro.pub.cs.aipi.lab02.main.AllTests" time="31.667" errors="0" skipped="0">
  <properties>
[...]
</properties>
  <testcase classname="ro.pub.cs.aipi.lab02.main.Exercise01Test" name="checkNumberOfRecords[0]" time="30.842"/>
  <testcase classname="ro.pub.cs.aipi.lab02.main.Exercise01Test" name="checkNumberOfRecords[1]" time="0"/>
  <testcase classname="ro.pub.cs.aipi.lab02.main.Exercise01Test" name="checkNumberOfRecords[2]" time="0"/>
  <testcase classname="ro.pub.cs.aipi.lab02.main.Exercise01Test" name="checkNumberOfRecords[3]" time="0"/>
  <testcase classname="ro.pub.cs.aipi.lab02.main.Exercise01Test" name="checkNumberOfRecords[4]" time="0"/>
  <testcase classname="ro.pub.cs.aipi.lab02.main.Exercise01Test" name="checkNumberOfRecords[5]" time="0"/>
  <testcase classname="ro.pub.cs.aipi.lab02.main.Exercise01Test" name="checkNumberOfRecords[6]" time="0"/>
  <testcase classname="ro.pub.cs.aipi.lab02.main.Exercise01Test" name="checkNumberOfRecords[7]" time="0"/>
  <testcase classname="ro.pub.cs.aipi.lab02.main.Exercise01Test" name="checkNumberOfRecords[8]" time="0"/>
  <testcase classname="ro.pub.cs.aipi.lab02.main.Exercise01Test" name="checkNumberOfRecords[9]" time="0"/>
  <testcase classname="ro.pub.cs.aipi.lab02.main.Exercise01Test" name="checkNumberOfRecords[10]" time="0.001"/>
  <testcase classname="ro.pub.cs.aipi.lab02.main.Exercise01Test" name="checkNumberOfRecords[11]" time="0"/>
  <testcase classname="ro.pub.cs.aipi.lab02.main.Exercise01Test" name="checkNumberOfRecords[12]" time="0"/>
  <testcase classname="ro.pub.cs.aipi.lab02.main.Exercise01Test" name="checkNumberOfRecords[13]" time="0"/>
  <testcase classname="ro.pub.cs.aipi.lab02.main.Exercise02Test" name="checkFileContent" time="0.011"/>
  <testcase classname="ro.pub.cs.aipi.lab02.main.Exercise03Test" name="checkNumberOfRecords" time="0.003"/>
  <testcase classname="ro.pub.cs.aipi.lab02.main.Exercise04Test" name="checkFileContent" time="0.005"/>
  <testcase classname="ro.pub.cs.aipi.lab02.main.Exercise05Test" name="checkFileContent" time="0.804"/>
  <testcase classname="ro.pub.cs.aipi.lab02.main.Exercise06Test" name="checkFileContent" time="0.001"/>
  <testcase classname="ro.pub.cs.aipi.lab02.main.Exercise07Test" name="checkFileContent" time="0"/>
  <testcase classname="ro.pub.cs.aipi.lab02.main.Exercise08Test" name="checkFileContent" time="0"/>
</testsuite>